MPASM 5.87                          CODE.ASM   2-12-2024  17:15:13         PAGE  1


LOC  OBJECT CODE     LINE SOURCE TEXT
  VALUE

                      00001 ;----------------------------------------------------------------
                      00002         list            p=16f877A       
                      00003         #include        <p16f877A.inc>
                      00001         LIST
                      00002 
                      00003 ;==========================================================================
                      00004 ; Build date : Jan 06 2020
                      00005 ;  MPASM PIC16F877A processor include
                      00006 ; 
                      00007 ;  (c) Copyright 1999-2020 Microchip Technology, All rights reserved
                      00008 ;==========================================================================
                      00009 
                      00567         LIST
2007   3FF1           00004         __CONFIG _CP_OFF & _PWRTE_ON & _WDT_OFF & _XT_OSC
                      00005 ;----------------------------------------------------------------
                      00006         
                      00007         
                      00008         
                      00009 ;----------------------------------------------------------------       
Warning[207]: Found label after column 1. (STATUS)
  00000003            00010     STATUS EQU 03H
Warning[207]: Found label after column 1. (PORTC)
  00000007            00011     PORTC EQU 07H
Warning[207]: Found label after column 1. (PORTD)
  00000008            00012     PORTD EQU 08H
Warning[207]: Found label after column 1. (TEMP1)
  0000000C            00013     TEMP1 EQU 0CH
Warning[207]: Found label after column 1. (TEMP2)
  0000000D            00014     TEMP2 EQU 0DH
Warning[207]: Found label after column 1. (TEMP3)
  0000000E            00015     TEMP3 EQU 0EH
                      00016 ;----------------------------------------------------------------
                      00017  
                      00018         
                      00019  
                      00020 ;----------------------------------------------------------------
                      00021         ORG 0x00
0000   2???           00022             GOTO MAIN
                      00023         ORG 0x04
0004   0009           00024             RETFIE
                      00025 ;----------------------------------------------------------------          
                      00026 
                      00027 
                      00028 
                      00029 ;----------------------------------------------------------------
0005                  00030 MAIN
                      00031             
0005   1683           00032         BSF     STATUS, 5       ; Set STATUS bit 5
0006   0187           00033         CLRF    PORTC           ; Clear PORTC
0007   0188           00034         CLRF    PORTD           ; Clear PORTD
0008   1283           00035         BCF     STATUS, 5       ; Clear STATUS bit 5
                      00036 ;----------------------------------------------------------------
                      00037         
MPASM 5.87                          CODE.ASM   2-12-2024  17:15:13         PAGE  2


LOC  OBJECT CODE     LINE SOURCE TEXT
  VALUE

                      00038         
                      00039         
                      00040 ;----------------------------------------------------------------       
0009                  00041 LOOPING
                      00042         
0009   3001           00043         MOVLW   B'00000001'     ; Light up Red
000A   0087           00044         MOVWF   PORTC
000B   3080           00045         MOVLW   B'10000000'     ; Light up Green
000C   0088           00046         MOVWF   PORTD
                      00047         
                      00048         ; Delay for 5 sec
000D   2???           00049         CALL    DELAY1S                         
000E   2???           00050         CALL    DELAY1S                         
000F   2???           00051         CALL    DELAY1S 
0010   2???           00052         CALL    DELAY1S 
0011   2???           00053         CALL    DELAY1S 
                      00054         
0012   3003           00055         MOVLW   B'00000011'     ; Light up Red and Amber
0013   0087           00056         MOVWF   PORTC
0014   3040           00057         MOVLW   B'01000000'     ; Light up Amber
0015   0088           00058         MOVWF   PORTD
                      00059         
                      00060         ; Delay for 2 sec
0016   2???           00061         CALL    DELAY1S 
0017   2???           00062         CALL    DELAY1S 
                      00063         
0018   3004           00064         MOVLW   B'00000100'     ; Light up Green
0019   0087           00065         MOVWF   PORTC
001A   3020           00066         MOVLW   B'00100000'     ; Light up Red
001B   0088           00067         MOVWF   PORTD
                      00068         
                      00069         ; Delay for 5 sec
001C   2???           00070         CALL    DELAY1S 
001D   2???           00071         CALL    DELAY1S 
001E   2???           00072         CALL    DELAY1S 
001F   2???           00073         CALL    DELAY1S 
0020   2???           00074         CALL    DELAY1S 
                      00075         
0021   3002           00076         MOVLW   B'00000010'     ; Light up Amber
0022   0087           00077         MOVWF   PORTC
0023   3060           00078         MOVLW   B'01100000'     ; Light up Red and Amber
0024   0088           00079         MOVWF   PORTD
                      00080         
                      00081         ; Delay for 2 sec
0025   2???           00082         CALL    DELAY1S 
0026   2???           00083         CALL    DELAY1S 
                      00084 
0027   2???           00085         GOTO LOOPING            ; Repeat
                      00086 ;----------------------------------------------------------------
                      00087 
                      00088         
                      00089         
                      00090 ;----------------------------------------------------------------
MPASM 5.87                          CODE.ASM   2-12-2024  17:15:13         PAGE  3


LOC  OBJECT CODE     LINE SOURCE TEXT
  VALUE

                      00091 ; 1 second delay setup
0028                  00092 DELAY1S
0028   3005           00093     MOVLW 0X05
0029   008C           00094     MOVWF TEMP1
002A   301F           00095     MOVLW 0X1F
002B   008D           00096     MOVWF TEMP2
002C   3003           00097     MOVLW 0X03
002D   008E           00098     MOVWF TEMP3
002E                  00099 DELAY1SLOOP
002E   0B8C           00100     DECFSZ TEMP1, F
002F   2???           00101     GOTO NEXT_DELAY1SLOOP_1
0030   0B8D           00102     DECFSZ TEMP2, F
0031   2???           00103     GOTO NEXT_DELAY1SLOOP_2
0032   0B8E           00104     DECFSZ TEMP3, F
0033   2???           00105     GOTO DELAY1SLOOP
0034   2???           00106     GOTO END_DELAY1SLOOP
0035                  00107 NEXT_DELAY1SLOOP_1
0035   2???           00108     GOTO NEXT_DELAY1SLOOP_2
0036   2???           00109     GOTO NEXT_DELAY1SLOOP_2
0037                  00110 NEXT_DELAY1SLOOP_2
0037   2???           00111     GOTO DELAY1SLOOP
0038                  00112 END_DELAY1SLOOP
0038   0008           00113     RETURN
                      00114 ;----------------------------------------------------------------
                      00115 
                      00116 
                      00117     
Warning[205]: Found directive in column 1. (END)
3FF1                  00118 END
MPASM 5.87                          CODE.ASM   2-12-2024  17:15:13         PAGE  4


SYMBOL TABLE
  LABEL                             VALUE 

ACKDT                             00000005
ACKEN                             00000004
ACKSTAT                           00000006
ADCON0                            0000001F
ADCON1                            0000009F
ADCS0                             00000006
ADCS1                             00000007
ADCS2                             00000006
ADDEN                             00000003
ADFM                              00000007
ADIE                              00000006
ADIF                              00000006
ADON                              00000000
ADRESH                            0000001E
ADRESL                            0000009E
BCLIE                             00000003
BCLIF                             00000003
BF                                00000000
BRGH                              00000002
C                                 00000000
C1INV                             00000004
C1OUT                             00000006
C2INV                             00000005
C2OUT                             00000007
CCP1CON                           00000017
CCP1IE                            00000002
CCP1IF                            00000002
CCP1M0                            00000000
CCP1M1                            00000001
CCP1M2                            00000002
CCP1M3                            00000003
CCP1X                             00000005
CCP1Y                             00000004
CCP2CON                           0000001D
CCP2IE                            00000000
CCP2IF                            00000000
CCP2M0                            00000000
CCP2M1                            00000001
CCP2M2                            00000002
CCP2M3                            00000003
CCP2X                             00000005
CCP2Y                             00000004
CCPR1                             00000015
CCPR1H                            00000016
CCPR1L                            00000015
CCPR2                             0000001B
CCPR2H                            0000001C
CCPR2L                            0000001B
CHS0                              00000003
CHS1                              00000004
CHS2                              00000005
CIS                               00000003
CKE                               00000006
MPASM 5.87                          CODE.ASM   2-12-2024  17:15:13         PAGE  5


SYMBOL TABLE
  LABEL                             VALUE 

CKP                               00000004
CM0                               00000000
CM1                               00000001
CM2                               00000002
CMCON                             0000009C
CMIE                              00000006
CMIF                              00000006
CREN                              00000004
CSRC                              00000007
CVR0                              00000000
CVR1                              00000001
CVR2                              00000002
CVR3                              00000003
CVRCON                            0000009D
CVREN                             00000007
CVROE                             00000006
CVRR                              00000005
D                                 00000005
DATA_ADDRESS                      00000005
DC                                00000001
DELAY1S                           00000028
DELAY1SLOOP                       0000002E
D_A                               00000005
D_NOT_A                           00000005
EEADR                             0000010D
EEADRH                            0000010F
EECON1                            0000018C
EECON2                            0000018D
EEDATA                            0000010C
EEDATH                            0000010E
EEIE                              00000004
EEIF                              00000004
EEPGD                             00000007
END_DELAY1SLOOP                   00000038
F                                 00000001
FERR                              00000002
FSR                               00000004
GCEN                              00000007
GIE                               00000007
GO                                00000002
GO_DONE                           00000002
GO_NOT_DONE                       00000002
I2C_DATA                          00000005
I2C_READ                          00000002
I2C_START                         00000003
I2C_STOP                          00000004
IBF                               00000007
IBOV                              00000005
INDF                              00000000
INTCON                            0000000B
INTE                              00000004
INTEDG                            00000006
INTF                              00000001
MPASM 5.87                          CODE.ASM   2-12-2024  17:15:13         PAGE  6


SYMBOL TABLE
  LABEL                             VALUE 

IRP                               00000007
LOOPING                           00000009
MAIN                              00000005
NEXT_DELAY1SLOOP_1                00000035
NEXT_DELAY1SLOOP_2                00000037
NOT_A                             00000005
NOT_ADDRESS                       00000005
NOT_BO                            00000000
NOT_BOR                           00000000
NOT_DONE                          00000002
NOT_PD                            00000003
NOT_POR                           00000001
NOT_RBPU                          00000007
NOT_RC8                           00000006
NOT_T1SYNC                        00000002
NOT_TO                            00000004
NOT_TX8                           00000006
NOT_W                             00000002
NOT_WRITE                         00000002
OBF                               00000006
OERR                              00000001
OPTION_REG                        00000081
P                                 00000004
PCFG0                             00000000
PCFG1                             00000001
PCFG2                             00000002
PCFG3                             00000003
PCL                               00000002
PCLATH                            0000000A
PCON                              0000008E
PEIE                              00000006
PEN                               00000002
PIE1                              0000008C
PIE2                              0000008D
PIR1                              0000000C
PIR2                              0000000D
PORTA                             00000005
PORTB                             00000006
PORTC                             00000007
PORTD                             00000008
PORTE                             00000009
PR2                               00000092
PS0                               00000000
PS1                               00000001
PS2                               00000002
PSA                               00000003
PSPIE                             00000007
PSPIF                             00000007
PSPMODE                           00000004
R                                 00000002
RA0                               00000000
RA1                               00000001
RA2                               00000002
MPASM 5.87                          CODE.ASM   2-12-2024  17:15:13         PAGE  7


SYMBOL TABLE
  LABEL                             VALUE 

RA3                               00000003
RA4                               00000004
RA5                               00000005
RB0                               00000000
RB1                               00000001
RB2                               00000002
RB3                               00000003
RB4                               00000004
RB5                               00000005
RB6                               00000006
RB7                               00000007
RBIE                              00000003
RBIF                              00000000
RC0                               00000000
RC1                               00000001
RC2                               00000002
RC3                               00000003
RC4                               00000004
RC5                               00000005
RC6                               00000006
RC7                               00000007
RC8_9                             00000006
RC9                               00000006
RCD8                              00000000
RCEN                              00000003
RCIE                              00000005
RCIF                              00000005
RCREG                             0000001A
RCSTA                             00000018
RD                                00000000
RD0                               00000000
RD1                               00000001
RD2                               00000002
RD3                               00000003
RD4                               00000004
RD5                               00000005
RD6                               00000006
RD7                               00000007
RE0                               00000000
RE1                               00000001
RE2                               00000002
READ_WRITE                        00000002
RP0                               00000005
RP1                               00000006
RSEN                              00000001
RX9                               00000006
RX9D                              00000000
R_NOT_W                           00000002
R_W                               00000002
S                                 00000003
SEN                               00000000
SMP                               00000007
SPBRG                             00000099
MPASM 5.87                          CODE.ASM   2-12-2024  17:15:13         PAGE  8


SYMBOL TABLE
  LABEL                             VALUE 

SPEN                              00000007
SREN                              00000005
SSPADD                            00000093
SSPBUF                            00000013
SSPCON                            00000014
SSPCON2                           00000091
SSPEN                             00000005
SSPIE                             00000003
SSPIF                             00000003
SSPM0                             00000000
SSPM1                             00000001
SSPM2                             00000002
SSPM3                             00000003
SSPOV                             00000006
SSPSTAT                           00000094
STATUS                            00000003
SYNC                              00000004
T0CS                              00000005
T0IE                              00000005
T0IF                              00000002
T0SE                              00000004
T1CKPS0                           00000004
T1CKPS1                           00000005
T1CON                             00000010
T1INSYNC                          00000002
T1OSCEN                           00000003
T1SYNC                            00000002
T2CKPS0                           00000000
T2CKPS1                           00000001
T2CON                             00000012
TEMP1                             0000000C
TEMP2                             0000000D
TEMP3                             0000000E
TMR0                              00000001
TMR0IE                            00000005
TMR0IF                            00000002
TMR1                              0000000E
TMR1CS                            00000001
TMR1H                             0000000F
TMR1IE                            00000000
TMR1IF                            00000000
TMR1L                             0000000E
TMR1ON                            00000000
TMR2                              00000011
TMR2IE                            00000001
TMR2IF                            00000001
TMR2ON                            00000002
TOUTPS0                           00000003
TOUTPS1                           00000004
TOUTPS2                           00000005
TOUTPS3                           00000006
TRISA                             00000085
TRISA0                            00000000
MPASM 5.87                          CODE.ASM   2-12-2024  17:15:13         PAGE  9


SYMBOL TABLE
  LABEL                             VALUE 

TRISA1                            00000001
TRISA2                            00000002
TRISA3                            00000003
TRISA4                            00000004
TRISA5                            00000005
TRISB                             00000086
TRISB0                            00000000
TRISB1                            00000001
TRISB2                            00000002
TRISB3                            00000003
TRISB4                            00000004
TRISB5                            00000005
TRISB6                            00000006
TRISB7                            00000007
TRISC                             00000087
TRISC0                            00000000
TRISC1                            00000001
TRISC2                            00000002
TRISC3                            00000003
TRISC4                            00000004
TRISC5                            00000005
TRISC6                            00000006
TRISC7                            00000007
TRISD                             00000088
TRISD0                            00000000
TRISD1                            00000001
TRISD2                            00000002
TRISD3                            00000003
TRISD4                            00000004
TRISD5                            00000005
TRISD6                            00000006
TRISD7                            00000007
TRISE                             00000089
TRISE0                            00000000
TRISE1                            00000001
TRISE2                            00000002
TRMT                              00000001
TX8_9                             00000006
TX9                               00000006
TX9D                              00000000
TXD8                              00000000
TXEN                              00000005
TXIE                              00000004
TXIF                              00000004
TXREG                             00000019
TXSTA                             00000098
UA                                00000001
W                                 00000000
WCOL                              00000007
WR                                00000001
WREN                              00000002
WRERR                             00000003
Z                                 00000002
MPASM 5.87                          CODE.ASM   2-12-2024  17:15:13         PAGE 10


SYMBOL TABLE
  LABEL                             VALUE 

_BODEN_OFF                        00003FBF
_BODEN_ON                         00003FFF
_BOREN_OFF                        00003FBF
_BOREN_ON                         00003FFF
_CONFIG                           00002007
_CPD_OFF                          00003FFF
_CPD_ON                           00003EFF
_CP_ALL                           00001FFF
_CP_OFF                           00003FFF
_CP_ON                            00001FFF
_DEBUG_OFF                        00003FFF
_DEBUG_ON                         000037FF
_DEVID1                           00002006
_FOSC_EXTRC                       00003FFF
_FOSC_HS                          00003FFE
_FOSC_LP                          00003FFC
_FOSC_XT                          00003FFD
_HS_OSC                           00003FFE
_IDLOC0                           00002000
_IDLOC1                           00002001
_IDLOC2                           00002002
_IDLOC3                           00002003
_LP_OSC                           00003FFC
_LVP_OFF                          00003F7F
_LVP_ON                           00003FFF
_PWRTE_OFF                        00003FFF
_PWRTE_ON                         00003FF7
_RC_OSC                           00003FFF
_WDTE_OFF                         00003FFB
_WDTE_ON                          00003FFF
_WDT_OFF                          00003FFB
_WDT_ON                           00003FFF
_WRT_1FOURTH                      00003BFF
_WRT_256                          00003DFF
_WRT_HALF                         000039FF
_WRT_OFF                          00003FFF
_XT_OSC                           00003FFD
__16F877A                         00000001

Errors   :     0
Warnings :     7 reported,     0 suppressed
Messages :     0 reported,     0 suppressed

